2018-08-16 18:58:50,576 INFO o.a.j.u.JMeterUtils: Setting Locale to en_EN
2018-08-16 18:58:50,635 INFO o.a.j.JMeter: Loading user properties from: /Users/hoangngocsinh/Documents/apache-jmeter-4.0/bin/user.properties
2018-08-16 18:58:50,635 INFO o.a.j.JMeter: Loading system properties from: /Users/hoangngocsinh/Documents/apache-jmeter-4.0/bin/system.properties
2018-08-16 18:58:50,649 INFO o.a.j.JMeter: Copyright (c) 1998-2018 The Apache Software Foundation
2018-08-16 18:58:50,649 INFO o.a.j.JMeter: Version 4.0 r1823414
2018-08-16 18:58:50,650 INFO o.a.j.JMeter: java.version=10
2018-08-16 18:58:50,650 INFO o.a.j.JMeter: java.vm.name=Java HotSpot(TM) 64-Bit Server VM
2018-08-16 18:58:50,650 INFO o.a.j.JMeter: os.name=Mac OS X
2018-08-16 18:58:50,650 INFO o.a.j.JMeter: os.arch=x86_64
2018-08-16 18:58:50,650 INFO o.a.j.JMeter: os.version=10.14
2018-08-16 18:58:50,650 INFO o.a.j.JMeter: file.encoding=UTF-8
2018-08-16 18:58:50,650 INFO o.a.j.JMeter: Max memory     =1073741824
2018-08-16 18:58:50,651 INFO o.a.j.JMeter: Available Processors =4
2018-08-16 18:58:50,678 INFO o.a.j.JMeter: Default Locale=English (EN)
2018-08-16 18:58:50,679 INFO o.a.j.JMeter: JMeter  Locale=English (EN)
2018-08-16 18:58:50,679 INFO o.a.j.JMeter: JMeterHome=/Users/hoangngocsinh/Documents/apache-jmeter-4.0
2018-08-16 18:58:50,679 INFO o.a.j.JMeter: user.dir  =/Users/hoangngocsinh/Documents/Personal/Swift
2018-08-16 18:58:50,679 INFO o.a.j.JMeter: PWD       =/Users/hoangngocsinh/Documents/Personal/Swift
2018-08-16 18:58:50,682 INFO o.a.j.JMeter: IP: 192.168.22.46 Name: sinhhn.local FullName: 192.168.22.46
2018-08-16 18:58:54,086 INFO o.a.j.g.a.LookAndFeelCommand: Installing Darcula LAF
2018-08-16 18:58:54,109 INFO o.a.j.g.a.LookAndFeelCommand: Using look and feel: com.bulenkov.darcula.DarculaLaf [Darcula]
2018-08-16 18:58:54,109 INFO o.a.j.JMeter: Setting LAF to: com.bulenkov.darcula.DarculaLaf
2018-08-16 18:58:54,334 INFO o.a.j.JMeter: Loaded icon properties from org/apache/jmeter/images/icon.properties
2018-08-16 18:58:55,340 INFO o.a.j.e.u.CompoundVariable: Note: Function class names must contain the string: '.functions.'
2018-08-16 18:58:55,341 INFO o.a.j.e.u.CompoundVariable: Note: Function class names must not contain the string: '.gui.'
2018-08-16 18:58:58,511 INFO o.a.j.p.h.s.HTTPSamplerBase: Parser for text/html is org.apache.jmeter.protocol.http.parser.LagartoBasedHtmlParser
2018-08-16 18:58:58,513 INFO o.a.j.p.h.s.HTTPSamplerBase: Parser for application/xhtml+xml is org.apache.jmeter.protocol.http.parser.LagartoBasedHtmlParser
2018-08-16 18:58:58,513 INFO o.a.j.p.h.s.HTTPSamplerBase: Parser for application/xml is org.apache.jmeter.protocol.http.parser.LagartoBasedHtmlParser
2018-08-16 18:58:58,513 INFO o.a.j.p.h.s.HTTPSamplerBase: Parser for text/xml is org.apache.jmeter.protocol.http.parser.LagartoBasedHtmlParser
2018-08-16 18:58:58,513 INFO o.a.j.p.h.s.HTTPSamplerBase: Parser for text/vnd.wap.wml is org.apache.jmeter.protocol.http.parser.RegexpHTMLParser
2018-08-16 18:58:58,513 INFO o.a.j.p.h.s.HTTPSamplerBase: Parser for text/css is org.apache.jmeter.protocol.http.parser.CssParser
2018-08-16 18:58:59,432 INFO o.a.j.e.KeyToolUtils: keytool found at 'keytool'
2018-08-16 18:58:59,433 INFO o.a.j.p.h.p.ProxyControl: HTTP(S) Test Script Recorder SSL Proxy will use keys that support embedded 3rd party resources in file /Users/hoangngocsinh/Documents/apache-jmeter-4.0/bin/proxyserver.jks
2018-08-16 18:58:59,592 INFO o.a.j.s.FileServer: Default base='/Users/hoangngocsinh/Documents/Personal/Swift'
2018-08-16 18:59:00,393 INFO o.a.j.s.SampleResult: Note: Sample TimeStamps are START times
2018-08-16 18:59:00,393 INFO o.a.j.s.SampleResult: sampleresult.default.encoding is set to ISO-8859-1
2018-08-16 18:59:00,393 INFO o.a.j.s.SampleResult: sampleresult.useNanoTime=true
2018-08-16 18:59:00,393 INFO o.a.j.s.SampleResult: sampleresult.nanoThreadSleep=5000
2018-08-16 19:14:49,339 INFO o.a.j.u.JsseSSLManager: Using default SSL protocol: TLS
2018-08-16 19:14:49,342 INFO o.a.j.u.JsseSSLManager: SSL session context: per-thread
2018-08-16 19:14:55,011 INFO o.a.j.g.a.Load: Loading file: /Users/hoangngocsinh/Documents/TaVi/Test/Performance/Tavi.jmx
2018-08-16 19:14:55,011 INFO o.a.j.s.FileServer: Set new base='/Users/hoangngocsinh/Documents/TaVi/Test/Performance'
2018-08-16 19:14:55,360 INFO o.a.j.s.SaveService: Testplan (JMX) version: 2.2. Testlog (JTL) version: 2.2
2018-08-16 19:14:55,393 INFO o.a.j.s.SaveService: Using SaveService properties version 4.0
2018-08-16 19:14:55,396 INFO o.a.j.s.SaveService: Using SaveService properties file encoding UTF-8
2018-08-16 19:14:55,399 INFO o.a.j.s.SaveService: Loading file: /Users/hoangngocsinh/Documents/TaVi/Test/Performance/Tavi.jmx
2018-08-16 19:14:56,593 INFO o.a.j.s.FileServer: Set new base='/Users/hoangngocsinh/Documents/TaVi/Test/Performance'
2018-08-16 19:17:31,756 INFO o.a.j.e.StandardJMeterEngine: Running the test!
2018-08-16 19:17:31,758 INFO o.a.j.s.SampleEvent: List of sample_variables: []
2018-08-16 19:17:31,759 INFO o.a.j.s.SampleEvent: List of sample_variables: []
2018-08-16 19:17:31,803 INFO o.a.j.g.u.JMeterMenuBar: setRunning(true, *local*)
2018-08-16 19:17:31,960 INFO o.a.j.e.StandardJMeterEngine: Starting ThreadGroup: 1 : Coordinator
2018-08-16 19:17:31,961 INFO o.a.j.e.StandardJMeterEngine: Starting 1 threads for group Coordinator.
2018-08-16 19:17:31,961 INFO o.a.j.e.StandardJMeterEngine: Thread will continue on error
2018-08-16 19:17:31,962 INFO o.a.j.t.ThreadGroup: Starting thread group... number=1 threads=1 ramp-up=1 perThread=1000.0 delayedStart=false
2018-08-16 19:17:31,970 INFO o.a.j.t.ThreadGroup: Started thread group number 1
2018-08-16 19:17:31,971 INFO o.a.j.e.StandardJMeterEngine: All thread groups have been started
2018-08-16 19:17:31,981 INFO o.a.j.t.JMeterThread: Thread started: Coordinator 1-1
2018-08-16 19:17:31,991 INFO o.a.j.s.FileServer: Stored: /Users/hoangngocsinh/Documents/TaVi/Test/Performance/Data/login.csv Alias: /Users/hoangngocsinh/Documents/TaVi/Test/Performance/Data/login.csv@1930925455
2018-08-16 19:17:32,026 INFO o.a.j.p.h.s.HTTPHCAbstractImpl: Local host = sinhhn.local
2018-08-16 19:17:32,035 INFO o.a.j.p.h.s.HTTPHC4Impl: HTTP request retry count = 0
2018-08-16 19:17:32,248 INFO o.a.j.p.h.s.LazySchemeSocketFactory: Setting up HTTPS TrustAll Socket Factory
2018-08-16 19:17:32,492 INFO o.a.j.u.SSLManager: JmeterKeyStore Location:  type JKS
2018-08-16 19:17:32,493 INFO o.a.j.u.SSLManager: KeyStore created OK
2018-08-16 19:17:32,493 WARN o.a.j.u.SSLManager: Keystore file not found, loading empty keystore
2018-08-16 19:17:32,976 WARN o.a.j.f.FileToString: Could not read open: "/Users/hoangngocsinh/Pictures/previewfile_974555519.jpg" 
2018-08-16 19:17:32,991 INFO o.a.j.t.JMeterThread: Thread is done: Coordinator 1-1
2018-08-16 19:17:32,991 INFO o.a.j.t.JMeterThread: Thread finished: Coordinator 1-1
2018-08-16 19:17:32,996 INFO o.a.j.e.StandardJMeterEngine: Notifying test listeners of end of test
2018-08-16 19:17:32,996 INFO o.a.j.s.FileServer: Close: /Users/hoangngocsinh/Documents/TaVi/Test/Performance/Data/login.csv@1930925455
2018-08-16 19:17:32,997 INFO o.a.j.g.u.JMeterMenuBar: setRunning(false, *local*)
2018-08-16 19:27:50,633 INFO o.a.j.e.StandardJMeterEngine: Running the test!
2018-08-16 19:27:50,639 INFO o.a.j.s.SampleEvent: List of sample_variables: []
2018-08-16 19:27:50,652 INFO o.a.j.g.u.JMeterMenuBar: setRunning(true, *local*)
2018-08-16 19:27:50,897 INFO o.a.j.e.StandardJMeterEngine: Starting ThreadGroup: 1 : Coordinator
2018-08-16 19:27:50,897 INFO o.a.j.e.StandardJMeterEngine: Starting 1 threads for group Coordinator.
2018-08-16 19:27:50,897 INFO o.a.j.e.StandardJMeterEngine: Thread will continue on error
2018-08-16 19:27:50,898 INFO o.a.j.t.ThreadGroup: Starting thread group... number=1 threads=1 ramp-up=1 perThread=1000.0 delayedStart=false
2018-08-16 19:27:50,899 INFO o.a.j.t.ThreadGroup: Started thread group number 1
2018-08-16 19:27:50,899 INFO o.a.j.e.StandardJMeterEngine: All thread groups have been started
2018-08-16 19:27:50,902 INFO o.a.j.t.JMeterThread: Thread started: Coordinator 1-1
2018-08-16 19:27:50,903 INFO o.a.j.s.FileServer: Stored: /Users/hoangngocsinh/Documents/TaVi/Test/Performance/Data/login.csv Alias: /Users/hoangngocsinh/Documents/TaVi/Test/Performance/Data/login.csv@552707375
2018-08-16 19:27:51,211 INFO o.a.j.t.JMeterThread: Thread is done: Coordinator 1-1
2018-08-16 19:27:51,211 INFO o.a.j.t.JMeterThread: Thread finished: Coordinator 1-1
2018-08-16 19:27:51,212 INFO o.a.j.e.StandardJMeterEngine: Notifying test listeners of end of test
2018-08-16 19:27:51,212 INFO o.a.j.s.FileServer: Close: /Users/hoangngocsinh/Documents/TaVi/Test/Performance/Data/login.csv@552707375
2018-08-16 19:27:51,213 INFO o.a.j.g.u.JMeterMenuBar: setRunning(false, *local*)
2018-08-16 19:32:09,593 INFO o.a.j.e.StandardJMeterEngine: Running the test!
2018-08-16 19:32:09,597 INFO o.a.j.s.SampleEvent: List of sample_variables: []
2018-08-16 19:32:09,602 INFO o.a.j.g.u.JMeterMenuBar: setRunning(true, *local*)
2018-08-16 19:32:09,798 INFO o.a.j.e.StandardJMeterEngine: Starting ThreadGroup: 1 : Coordinator
2018-08-16 19:32:09,798 INFO o.a.j.e.StandardJMeterEngine: Starting 1 threads for group Coordinator.
2018-08-16 19:32:09,798 INFO o.a.j.e.StandardJMeterEngine: Thread will continue on error
2018-08-16 19:32:09,798 INFO o.a.j.t.ThreadGroup: Starting thread group... number=1 threads=1 ramp-up=1 perThread=1000.0 delayedStart=false
2018-08-16 19:32:09,799 INFO o.a.j.t.ThreadGroup: Started thread group number 1
2018-08-16 19:32:09,799 INFO o.a.j.e.StandardJMeterEngine: All thread groups have been started
2018-08-16 19:32:09,803 INFO o.a.j.t.JMeterThread: Thread started: Coordinator 1-1
2018-08-16 19:32:09,803 INFO o.a.j.s.FileServer: Stored: /Users/hoangngocsinh/Documents/TaVi/Test/Performance/Data/login.csv Alias: /Users/hoangngocsinh/Documents/TaVi/Test/Performance/Data/login.csv@2093482063
2018-08-16 19:32:10,188 INFO o.a.j.t.JMeterThread: Thread is done: Coordinator 1-1
2018-08-16 19:32:10,188 INFO o.a.j.t.JMeterThread: Thread finished: Coordinator 1-1
2018-08-16 19:32:10,188 INFO o.a.j.e.StandardJMeterEngine: Notifying test listeners of end of test
2018-08-16 19:32:10,188 INFO o.a.j.s.FileServer: Close: /Users/hoangngocsinh/Documents/TaVi/Test/Performance/Data/login.csv@2093482063
2018-08-16 19:32:10,189 INFO o.a.j.g.u.JMeterMenuBar: setRunning(false, *local*)
2018-08-16 19:38:17,547 INFO o.a.j.e.StandardJMeterEngine: Running the test!
2018-08-16 19:38:17,559 INFO o.a.j.s.SampleEvent: List of sample_variables: []
2018-08-16 19:38:17,565 INFO o.a.j.g.u.JMeterMenuBar: setRunning(true, *local*)
2018-08-16 19:38:17,776 INFO o.a.j.e.StandardJMeterEngine: Starting ThreadGroup: 1 : Coordinator
2018-08-16 19:38:17,777 INFO o.a.j.e.StandardJMeterEngine: Starting 1 threads for group Coordinator.
2018-08-16 19:38:17,777 INFO o.a.j.e.StandardJMeterEngine: Thread will continue on error
2018-08-16 19:38:17,777 INFO o.a.j.t.ThreadGroup: Starting thread group... number=1 threads=1 ramp-up=1 perThread=1000.0 delayedStart=false
2018-08-16 19:38:17,778 INFO o.a.j.t.ThreadGroup: Started thread group number 1
2018-08-16 19:38:17,778 INFO o.a.j.e.StandardJMeterEngine: All thread groups have been started
2018-08-16 19:38:17,781 INFO o.a.j.t.JMeterThread: Thread started: Coordinator 1-1
2018-08-16 19:38:17,781 INFO o.a.j.s.FileServer: Stored: /Users/hoangngocsinh/Documents/TaVi/Test/Performance/Data/login.csv Alias: /Users/hoangngocsinh/Documents/TaVi/Test/Performance/Data/login.csv@1720157689
2018-08-16 19:38:18,208 INFO o.a.j.t.JMeterThread: Thread is done: Coordinator 1-1
2018-08-16 19:38:18,209 INFO o.a.j.t.JMeterThread: Thread finished: Coordinator 1-1
2018-08-16 19:38:18,209 INFO o.a.j.e.StandardJMeterEngine: Notifying test listeners of end of test
2018-08-16 19:38:18,209 INFO o.a.j.s.FileServer: Close: /Users/hoangngocsinh/Documents/TaVi/Test/Performance/Data/login.csv@1720157689
2018-08-16 19:38:18,210 INFO o.a.j.g.u.JMeterMenuBar: setRunning(false, *local*)
2018-08-16 19:38:57,005 INFO o.a.j.e.StandardJMeterEngine: Running the test!
2018-08-16 19:38:57,006 INFO o.a.j.s.SampleEvent: List of sample_variables: []
2018-08-16 19:38:57,019 INFO o.a.j.g.u.JMeterMenuBar: setRunning(true, *local*)
2018-08-16 19:38:57,111 INFO o.a.j.e.StandardJMeterEngine: Starting ThreadGroup: 1 : Coordinator
2018-08-16 19:38:57,111 INFO o.a.j.e.StandardJMeterEngine: Starting 1 threads for group Coordinator.
2018-08-16 19:38:57,112 INFO o.a.j.e.StandardJMeterEngine: Thread will continue on error
2018-08-16 19:38:57,112 INFO o.a.j.t.ThreadGroup: Starting thread group... number=1 threads=1 ramp-up=1 perThread=1000.0 delayedStart=false
2018-08-16 19:38:57,112 INFO o.a.j.t.ThreadGroup: Started thread group number 1
2018-08-16 19:38:57,114 INFO o.a.j.e.StandardJMeterEngine: All thread groups have been started
2018-08-16 19:38:57,117 INFO o.a.j.t.JMeterThread: Thread started: Coordinator 1-1
2018-08-16 19:38:57,118 INFO o.a.j.s.FileServer: Stored: /Users/hoangngocsinh/Documents/TaVi/Test/Performance/Data/login.csv Alias: /Users/hoangngocsinh/Documents/TaVi/Test/Performance/Data/login.csv@1820714137
2018-08-16 19:38:57,408 INFO o.a.j.t.JMeterThread: Thread is done: Coordinator 1-1
2018-08-16 19:38:57,408 INFO o.a.j.t.JMeterThread: Thread finished: Coordinator 1-1
2018-08-16 19:38:57,409 INFO o.a.j.e.StandardJMeterEngine: Notifying test listeners of end of test
2018-08-16 19:38:57,409 INFO o.a.j.s.FileServer: Close: /Users/hoangngocsinh/Documents/TaVi/Test/Performance/Data/login.csv@1820714137
2018-08-16 19:38:57,410 INFO o.a.j.g.u.JMeterMenuBar: setRunning(false, *local*)
2018-08-16 19:38:59,445 INFO o.a.j.e.StandardJMeterEngine: Running the test!
2018-08-16 19:38:59,445 INFO o.a.j.s.SampleEvent: List of sample_variables: []
2018-08-16 19:38:59,448 INFO o.a.j.g.u.JMeterMenuBar: setRunning(true, *local*)
2018-08-16 19:38:59,520 INFO o.a.j.e.StandardJMeterEngine: Starting ThreadGroup: 1 : Coordinator
2018-08-16 19:38:59,520 INFO o.a.j.e.StandardJMeterEngine: Starting 1 threads for group Coordinator.
2018-08-16 19:38:59,520 INFO o.a.j.e.StandardJMeterEngine: Thread will continue on error
2018-08-16 19:38:59,520 INFO o.a.j.t.ThreadGroup: Starting thread group... number=1 threads=1 ramp-up=1 perThread=1000.0 delayedStart=false
2018-08-16 19:38:59,521 INFO o.a.j.t.ThreadGroup: Started thread group number 1
2018-08-16 19:38:59,521 INFO o.a.j.e.StandardJMeterEngine: All thread groups have been started
2018-08-16 19:38:59,522 INFO o.a.j.t.JMeterThread: Thread started: Coordinator 1-1
2018-08-16 19:38:59,522 INFO o.a.j.s.FileServer: Stored: /Users/hoangngocsinh/Documents/TaVi/Test/Performance/Data/login.csv Alias: /Users/hoangngocsinh/Documents/TaVi/Test/Performance/Data/login.csv@140939215
2018-08-16 19:38:59,735 INFO o.a.j.t.JMeterThread: Thread is done: Coordinator 1-1
2018-08-16 19:38:59,735 INFO o.a.j.t.JMeterThread: Thread finished: Coordinator 1-1
2018-08-16 19:38:59,736 INFO o.a.j.e.StandardJMeterEngine: Notifying test listeners of end of test
2018-08-16 19:38:59,736 INFO o.a.j.s.FileServer: Close: /Users/hoangngocsinh/Documents/TaVi/Test/Performance/Data/login.csv@140939215
2018-08-16 19:38:59,736 INFO o.a.j.g.u.JMeterMenuBar: setRunning(false, *local*)
2018-08-16 19:46:57,447 INFO o.a.j.e.StandardJMeterEngine: Running the test!
2018-08-16 19:46:57,455 INFO o.a.j.s.SampleEvent: List of sample_variables: []
2018-08-16 19:46:57,460 INFO o.a.j.g.u.JMeterMenuBar: setRunning(true, *local*)
2018-08-16 19:46:57,699 INFO o.a.j.e.StandardJMeterEngine: Starting ThreadGroup: 1 : Coordinator
2018-08-16 19:46:57,699 INFO o.a.j.e.StandardJMeterEngine: Starting 1 threads for group Coordinator.
2018-08-16 19:46:57,699 INFO o.a.j.e.StandardJMeterEngine: Thread will continue on error
2018-08-16 19:46:57,699 INFO o.a.j.t.ThreadGroup: Starting thread group... number=1 threads=1 ramp-up=1 perThread=1000.0 delayedStart=false
2018-08-16 19:46:57,700 INFO o.a.j.t.ThreadGroup: Started thread group number 1
2018-08-16 19:46:57,700 INFO o.a.j.e.StandardJMeterEngine: All thread groups have been started
2018-08-16 19:46:57,701 INFO o.a.j.t.JMeterThread: Thread started: Coordinator 1-1
2018-08-16 19:46:57,701 INFO o.a.j.s.FileServer: Stored: /Users/hoangngocsinh/Documents/TaVi/Test/Performance/Data/login.csv Alias: /Users/hoangngocsinh/Documents/TaVi/Test/Performance/Data/login.csv@467832322
2018-08-16 19:46:58,126 INFO o.a.j.t.JMeterThread: Thread is done: Coordinator 1-1
2018-08-16 19:46:58,126 INFO o.a.j.t.JMeterThread: Thread finished: Coordinator 1-1
2018-08-16 19:46:58,127 INFO o.a.j.e.StandardJMeterEngine: Notifying test listeners of end of test
2018-08-16 19:46:58,127 INFO o.a.j.s.FileServer: Close: /Users/hoangngocsinh/Documents/TaVi/Test/Performance/Data/login.csv@467832322
2018-08-16 19:46:58,128 INFO o.a.j.g.u.JMeterMenuBar: setRunning(false, *local*)
2018-08-16 19:47:56,000 INFO o.a.j.e.StandardJMeterEngine: Running the test!
2018-08-16 19:47:56,001 INFO o.a.j.s.SampleEvent: List of sample_variables: []
2018-08-16 19:47:56,002 INFO o.a.j.g.u.JMeterMenuBar: setRunning(true, *local*)
2018-08-16 19:47:56,079 INFO o.a.j.e.StandardJMeterEngine: Starting ThreadGroup: 1 : Coordinator
2018-08-16 19:47:56,079 INFO o.a.j.e.StandardJMeterEngine: Starting 1 threads for group Coordinator.
2018-08-16 19:47:56,080 INFO o.a.j.e.StandardJMeterEngine: Thread will continue on error
2018-08-16 19:47:56,081 INFO o.a.j.t.ThreadGroup: Starting thread group... number=1 threads=1 ramp-up=1 perThread=1000.0 delayedStart=false
2018-08-16 19:47:56,084 INFO o.a.j.t.JMeterThread: Thread started: Coordinator 1-1
2018-08-16 19:47:56,085 INFO o.a.j.s.FileServer: Stored: /Users/hoangngocsinh/Documents/TaVi/Test/Performance/Data/login.csv Alias: /Users/hoangngocsinh/Documents/TaVi/Test/Performance/Data/login.csv@138993358
2018-08-16 19:47:56,086 INFO o.a.j.t.ThreadGroup: Started thread group number 1
2018-08-16 19:47:56,086 INFO o.a.j.e.StandardJMeterEngine: All thread groups have been started
2018-08-16 19:47:56,444 INFO o.a.j.t.JMeterThread: Thread is done: Coordinator 1-1
2018-08-16 19:47:56,444 INFO o.a.j.t.JMeterThread: Thread finished: Coordinator 1-1
2018-08-16 19:47:56,445 INFO o.a.j.e.StandardJMeterEngine: Notifying test listeners of end of test
2018-08-16 19:47:56,445 INFO o.a.j.s.FileServer: Close: /Users/hoangngocsinh/Documents/TaVi/Test/Performance/Data/login.csv@138993358
2018-08-16 19:47:56,446 INFO o.a.j.g.u.JMeterMenuBar: setRunning(false, *local*)
2018-08-16 19:48:20,455 INFO o.a.j.e.StandardJMeterEngine: Running the test!
2018-08-16 19:48:20,456 INFO o.a.j.s.SampleEvent: List of sample_variables: []
2018-08-16 19:48:20,457 INFO o.a.j.g.u.JMeterMenuBar: setRunning(true, *local*)
2018-08-16 19:48:20,535 INFO o.a.j.e.StandardJMeterEngine: Starting ThreadGroup: 1 : Coordinator
2018-08-16 19:48:20,535 INFO o.a.j.e.StandardJMeterEngine: Starting 1 threads for group Coordinator.
2018-08-16 19:48:20,535 INFO o.a.j.e.StandardJMeterEngine: Thread will continue on error
2018-08-16 19:48:20,535 INFO o.a.j.t.ThreadGroup: Starting thread group... number=1 threads=1 ramp-up=1 perThread=1000.0 delayedStart=false
2018-08-16 19:48:20,536 INFO o.a.j.t.ThreadGroup: Started thread group number 1
2018-08-16 19:48:20,537 INFO o.a.j.e.StandardJMeterEngine: All thread groups have been started
2018-08-16 19:48:20,537 INFO o.a.j.t.JMeterThread: Thread started: Coordinator 1-1
2018-08-16 19:48:20,538 INFO o.a.j.s.FileServer: Stored: /Users/hoangngocsinh/Documents/TaVi/Test/Performance/Data/login.csv Alias: /Users/hoangngocsinh/Documents/TaVi/Test/Performance/Data/login.csv@439494027
2018-08-16 19:48:20,963 INFO o.a.j.t.JMeterThread: Thread is done: Coordinator 1-1
2018-08-16 19:48:20,963 INFO o.a.j.t.JMeterThread: Thread finished: Coordinator 1-1
2018-08-16 19:48:20,963 INFO o.a.j.e.StandardJMeterEngine: Notifying test listeners of end of test
2018-08-16 19:48:20,963 INFO o.a.j.s.FileServer: Close: /Users/hoangngocsinh/Documents/TaVi/Test/Performance/Data/login.csv@439494027
2018-08-16 19:48:20,964 INFO o.a.j.g.u.JMeterMenuBar: setRunning(false, *local*)
2018-08-16 19:48:57,586 INFO o.a.j.e.StandardJMeterEngine: Running the test!
2018-08-16 19:48:57,588 INFO o.a.j.s.SampleEvent: List of sample_variables: []
2018-08-16 19:48:57,588 INFO o.a.j.g.u.JMeterMenuBar: setRunning(true, *local*)
2018-08-16 19:48:57,657 INFO o.a.j.e.StandardJMeterEngine: Starting ThreadGroup: 1 : Coordinator
2018-08-16 19:48:57,657 INFO o.a.j.e.StandardJMeterEngine: Starting 1 threads for group Coordinator.
2018-08-16 19:48:57,658 INFO o.a.j.e.StandardJMeterEngine: Thread will continue on error
2018-08-16 19:48:57,658 INFO o.a.j.t.ThreadGroup: Starting thread group... number=1 threads=1 ramp-up=1 perThread=1000.0 delayedStart=false
2018-08-16 19:48:57,660 INFO o.a.j.t.ThreadGroup: Started thread group number 1
2018-08-16 19:48:57,660 INFO o.a.j.e.StandardJMeterEngine: All thread groups have been started
2018-08-16 19:48:57,661 INFO o.a.j.t.JMeterThread: Thread started: Coordinator 1-1
2018-08-16 19:48:57,661 INFO o.a.j.s.FileServer: Stored: /Users/hoangngocsinh/Documents/TaVi/Test/Performance/Data/login.csv Alias: /Users/hoangngocsinh/Documents/TaVi/Test/Performance/Data/login.csv@1682676519
2018-08-16 19:48:57,901 INFO o.a.j.t.JMeterThread: Thread is done: Coordinator 1-1
2018-08-16 19:48:57,901 INFO o.a.j.t.JMeterThread: Thread finished: Coordinator 1-1
2018-08-16 19:48:57,902 INFO o.a.j.e.StandardJMeterEngine: Notifying test listeners of end of test
2018-08-16 19:48:57,902 INFO o.a.j.s.FileServer: Close: /Users/hoangngocsinh/Documents/TaVi/Test/Performance/Data/login.csv@1682676519
2018-08-16 19:48:57,903 INFO o.a.j.g.u.JMeterMenuBar: setRunning(false, *local*)
2018-08-16 19:49:05,323 INFO o.a.j.e.StandardJMeterEngine: Running the test!
2018-08-16 19:49:05,323 INFO o.a.j.s.SampleEvent: List of sample_variables: []
2018-08-16 19:49:05,324 INFO o.a.j.g.u.JMeterMenuBar: setRunning(true, *local*)
2018-08-16 19:49:05,403 INFO o.a.j.e.StandardJMeterEngine: Starting ThreadGroup: 1 : Coordinator
2018-08-16 19:49:05,404 INFO o.a.j.e.StandardJMeterEngine: Starting 1 threads for group Coordinator.
2018-08-16 19:49:05,404 INFO o.a.j.e.StandardJMeterEngine: Thread will continue on error
2018-08-16 19:49:05,405 INFO o.a.j.t.ThreadGroup: Starting thread group... number=1 threads=1 ramp-up=1 perThread=1000.0 delayedStart=false
2018-08-16 19:49:05,407 INFO o.a.j.t.ThreadGroup: Started thread group number 1
2018-08-16 19:49:05,407 INFO o.a.j.e.StandardJMeterEngine: All thread groups have been started
2018-08-16 19:49:05,409 INFO o.a.j.t.JMeterThread: Thread started: Coordinator 1-1
2018-08-16 19:49:05,410 INFO o.a.j.s.FileServer: Stored: /Users/hoangngocsinh/Documents/TaVi/Test/Performance/Data/login.csv Alias: /Users/hoangngocsinh/Documents/TaVi/Test/Performance/Data/login.csv@120852587
2018-08-16 19:49:05,655 INFO o.a.j.t.JMeterThread: Thread is done: Coordinator 1-1
2018-08-16 19:49:05,656 INFO o.a.j.t.JMeterThread: Thread finished: Coordinator 1-1
2018-08-16 19:49:05,657 INFO o.a.j.e.StandardJMeterEngine: Notifying test listeners of end of test
2018-08-16 19:49:05,657 INFO o.a.j.s.FileServer: Close: /Users/hoangngocsinh/Documents/TaVi/Test/Performance/Data/login.csv@120852587
2018-08-16 19:49:05,658 INFO o.a.j.g.u.JMeterMenuBar: setRunning(false, *local*)
2018-08-16 19:49:52,371 INFO o.a.j.e.StandardJMeterEngine: Running the test!
2018-08-16 19:49:52,371 INFO o.a.j.s.SampleEvent: List of sample_variables: []
2018-08-16 19:49:52,372 INFO o.a.j.g.u.JMeterMenuBar: setRunning(true, *local*)
2018-08-16 19:49:52,454 INFO o.a.j.e.StandardJMeterEngine: Starting ThreadGroup: 1 : Coordinator
2018-08-16 19:49:52,454 INFO o.a.j.e.StandardJMeterEngine: Starting 1 threads for group Coordinator.
2018-08-16 19:49:52,454 INFO o.a.j.e.StandardJMeterEngine: Thread will continue on error
2018-08-16 19:49:52,455 INFO o.a.j.t.ThreadGroup: Starting thread group... number=1 threads=1 ramp-up=1 perThread=1000.0 delayedStart=false
2018-08-16 19:49:52,457 INFO o.a.j.t.ThreadGroup: Started thread group number 1
2018-08-16 19:49:52,457 INFO o.a.j.e.StandardJMeterEngine: All thread groups have been started
2018-08-16 19:49:52,457 INFO o.a.j.t.JMeterThread: Thread started: Coordinator 1-1
2018-08-16 19:49:52,458 INFO o.a.j.s.FileServer: Stored: /Users/hoangngocsinh/Documents/TaVi/Test/Performance/Data/login.csv Alias: /Users/hoangngocsinh/Documents/TaVi/Test/Performance/Data/login.csv@1864767395
2018-08-16 19:49:54,014 INFO o.a.j.t.JMeterThread: Thread is done: Coordinator 1-1
2018-08-16 19:49:54,014 INFO o.a.j.t.JMeterThread: Thread finished: Coordinator 1-1
2018-08-16 19:49:54,016 INFO o.a.j.e.StandardJMeterEngine: Notifying test listeners of end of test
2018-08-16 19:49:54,016 INFO o.a.j.s.FileServer: Close: /Users/hoangngocsinh/Documents/TaVi/Test/Performance/Data/login.csv@1864767395
2018-08-16 19:49:54,017 INFO o.a.j.g.u.JMeterMenuBar: setRunning(false, *local*)
2018-08-16 19:50:29,600 INFO o.a.j.e.StandardJMeterEngine: Running the test!
2018-08-16 19:50:29,601 INFO o.a.j.s.SampleEvent: List of sample_variables: []
2018-08-16 19:50:29,601 INFO o.a.j.g.u.JMeterMenuBar: setRunning(true, *local*)
2018-08-16 19:50:29,677 INFO o.a.j.e.StandardJMeterEngine: Starting ThreadGroup: 1 : Coordinator
2018-08-16 19:50:29,678 INFO o.a.j.e.StandardJMeterEngine: Starting 1 threads for group Coordinator.
2018-08-16 19:50:29,678 INFO o.a.j.e.StandardJMeterEngine: Thread will continue on error
2018-08-16 19:50:29,678 INFO o.a.j.t.ThreadGroup: Starting thread group... number=1 threads=1 ramp-up=1 perThread=1000.0 delayedStart=false
2018-08-16 19:50:29,680 INFO o.a.j.t.ThreadGroup: Started thread group number 1
2018-08-16 19:50:29,681 INFO o.a.j.e.StandardJMeterEngine: All thread groups have been started
2018-08-16 19:50:29,681 INFO o.a.j.t.JMeterThread: Thread started: Coordinator 1-1
2018-08-16 19:50:29,681 INFO o.a.j.s.FileServer: Stored: /Users/hoangngocsinh/Documents/TaVi/Test/Performance/Data/login.csv Alias: /Users/hoangngocsinh/Documents/TaVi/Test/Performance/Data/login.csv@495684697
2018-08-16 19:50:30,143 INFO o.a.j.s.FileServer: Stored: /Users/hoangngocsinh/Pictures/previewfile_974555519.jpg
2018-08-16 19:50:30,387 INFO o.a.j.t.JMeterThread: Thread is done: Coordinator 1-1
2018-08-16 19:50:30,387 INFO o.a.j.t.JMeterThread: Thread finished: Coordinator 1-1
2018-08-16 19:50:30,388 INFO o.a.j.e.StandardJMeterEngine: Notifying test listeners of end of test
2018-08-16 19:50:30,388 INFO o.a.j.s.FileServer: Close: /Users/hoangngocsinh/Documents/TaVi/Test/Performance/Data/login.csv@495684697
2018-08-16 19:50:30,388 INFO o.a.j.g.u.JMeterMenuBar: setRunning(false, *local*)
2018-08-16 19:52:32,509 INFO o.a.j.e.StandardJMeterEngine: Running the test!
2018-08-16 19:52:32,516 INFO o.a.j.s.SampleEvent: List of sample_variables: []
2018-08-16 19:52:32,525 INFO o.a.j.g.u.JMeterMenuBar: setRunning(true, *local*)
2018-08-16 19:52:32,778 INFO o.a.j.e.StandardJMeterEngine: Starting ThreadGroup: 1 : Coordinator
2018-08-16 19:52:32,778 INFO o.a.j.e.StandardJMeterEngine: Starting 1 threads for group Coordinator.
2018-08-16 19:52:32,780 INFO o.a.j.e.StandardJMeterEngine: Thread will continue on error
2018-08-16 19:52:32,780 INFO o.a.j.t.ThreadGroup: Starting thread group... number=1 threads=1 ramp-up=1 perThread=1000.0 delayedStart=false
2018-08-16 19:52:32,791 INFO o.a.j.t.ThreadGroup: Started thread group number 1
2018-08-16 19:52:32,791 INFO o.a.j.e.StandardJMeterEngine: All thread groups have been started
2018-08-16 19:52:32,791 INFO o.a.j.t.JMeterThread: Thread started: Coordinator 1-1
2018-08-16 19:52:32,792 INFO o.a.j.s.FileServer: Stored: /Users/hoangngocsinh/Documents/TaVi/Test/Performance/Data/login.csv Alias: /Users/hoangngocsinh/Documents/TaVi/Test/Performance/Data/login.csv@1268119586
2018-08-16 19:52:33,023 INFO o.a.j.s.FileServer: Stored: /Users/hoangngocsinh/Pictures/previewfile_974555519.jpg
2018-08-16 19:52:34,279 INFO o.a.j.t.JMeterThread: Thread is done: Coordinator 1-1
2018-08-16 19:52:34,279 INFO o.a.j.t.JMeterThread: Thread finished: Coordinator 1-1
2018-08-16 19:52:34,280 INFO o.a.j.e.StandardJMeterEngine: Notifying test listeners of end of test
2018-08-16 19:52:34,280 INFO o.a.j.s.FileServer: Close: /Users/hoangngocsinh/Documents/TaVi/Test/Performance/Data/login.csv@1268119586
2018-08-16 19:52:34,280 INFO o.a.j.g.u.JMeterMenuBar: setRunning(false, *local*)
2018-08-16 19:53:04,729 INFO o.a.j.e.StandardJMeterEngine: Running the test!
2018-08-16 19:53:04,729 INFO o.a.j.s.SampleEvent: List of sample_variables: []
2018-08-16 19:53:04,730 INFO o.a.j.g.u.JMeterMenuBar: setRunning(true, *local*)
2018-08-16 19:53:04,815 INFO o.a.j.e.StandardJMeterEngine: Starting ThreadGroup: 1 : Coordinator
2018-08-16 19:53:04,816 INFO o.a.j.e.StandardJMeterEngine: Starting 1 threads for group Coordinator.
2018-08-16 19:53:04,816 INFO o.a.j.e.StandardJMeterEngine: Thread will continue on error
2018-08-16 19:53:04,817 INFO o.a.j.t.ThreadGroup: Starting thread group... number=1 threads=1 ramp-up=1 perThread=1000.0 delayedStart=false
2018-08-16 19:53:04,825 INFO o.a.j.t.ThreadGroup: Started thread group number 1
2018-08-16 19:53:04,825 INFO o.a.j.e.StandardJMeterEngine: All thread groups have been started
2018-08-16 19:53:04,826 INFO o.a.j.t.JMeterThread: Thread started: Coordinator 1-1
2018-08-16 19:53:04,826 INFO o.a.j.s.FileServer: Stored: /Users/hoangngocsinh/Documents/TaVi/Test/Performance/Data/login.csv Alias: /Users/hoangngocsinh/Documents/TaVi/Test/Performance/Data/login.csv@1983725766
2018-08-16 19:53:05,293 INFO o.a.j.s.FileServer: Stored: /Users/hoangngocsinh/Pictures/previewfile_974555519.jpg
2018-08-16 19:53:05,532 INFO o.a.j.t.JMeterThread: Thread is done: Coordinator 1-1
2018-08-16 19:53:05,533 INFO o.a.j.t.JMeterThread: Thread finished: Coordinator 1-1
2018-08-16 19:53:05,533 INFO o.a.j.e.StandardJMeterEngine: Notifying test listeners of end of test
2018-08-16 19:53:05,533 INFO o.a.j.s.FileServer: Close: /Users/hoangngocsinh/Documents/TaVi/Test/Performance/Data/login.csv@1983725766
2018-08-16 19:53:05,534 INFO o.a.j.g.u.JMeterMenuBar: setRunning(false, *local*)
2018-08-16 19:53:27,805 INFO o.a.j.e.StandardJMeterEngine: Running the test!
2018-08-16 19:53:27,805 INFO o.a.j.s.SampleEvent: List of sample_variables: []
2018-08-16 19:53:27,807 INFO o.a.j.g.u.JMeterMenuBar: setRunning(true, *local*)
2018-08-16 19:53:27,893 INFO o.a.j.e.StandardJMeterEngine: Starting ThreadGroup: 1 : Coordinator
2018-08-16 19:53:27,894 INFO o.a.j.e.StandardJMeterEngine: Starting 1 threads for group Coordinator.
2018-08-16 19:53:27,894 INFO o.a.j.e.StandardJMeterEngine: Thread will continue on error
2018-08-16 19:53:27,895 INFO o.a.j.t.ThreadGroup: Starting thread group... number=1 threads=1 ramp-up=1 perThread=1000.0 delayedStart=false
2018-08-16 19:53:27,901 INFO o.a.j.t.ThreadGroup: Started thread group number 1
2018-08-16 19:53:27,901 INFO o.a.j.e.StandardJMeterEngine: All thread groups have been started
2018-08-16 19:53:27,908 INFO o.a.j.t.JMeterThread: Thread started: Coordinator 1-1
2018-08-16 19:53:27,909 INFO o.a.j.s.FileServer: Stored: /Users/hoangngocsinh/Documents/TaVi/Test/Performance/Data/login.csv Alias: /Users/hoangngocsinh/Documents/TaVi/Test/Performance/Data/login.csv@1947051574
2018-08-16 19:53:28,371 INFO o.a.j.t.JMeterThread: Thread is done: Coordinator 1-1
2018-08-16 19:53:28,372 INFO o.a.j.t.JMeterThread: Thread finished: Coordinator 1-1
2018-08-16 19:53:28,372 INFO o.a.j.e.StandardJMeterEngine: Notifying test listeners of end of test
2018-08-16 19:53:28,372 INFO o.a.j.s.FileServer: Close: /Users/hoangngocsinh/Documents/TaVi/Test/Performance/Data/login.csv@1947051574
2018-08-16 19:53:28,372 INFO o.a.j.g.u.JMeterMenuBar: setRunning(false, *local*)
2018-08-16 19:56:06,119 INFO o.a.j.e.StandardJMeterEngine: Running the test!
2018-08-16 19:56:06,120 INFO o.a.j.s.SampleEvent: List of sample_variables: []
2018-08-16 19:56:06,122 INFO o.a.j.g.u.JMeterMenuBar: setRunning(true, *local*)
2018-08-16 19:56:06,218 INFO o.a.j.e.StandardJMeterEngine: Starting ThreadGroup: 1 : Coordinator
2018-08-16 19:56:06,218 INFO o.a.j.e.StandardJMeterEngine: Starting 1 threads for group Coordinator.
2018-08-16 19:56:06,219 INFO o.a.j.e.StandardJMeterEngine: Thread will continue on error
2018-08-16 19:56:06,219 INFO o.a.j.t.ThreadGroup: Starting thread group... number=1 threads=1 ramp-up=1 perThread=1000.0 delayedStart=false
2018-08-16 19:56:06,224 INFO o.a.j.t.ThreadGroup: Started thread group number 1
2018-08-16 19:56:06,224 INFO o.a.j.e.StandardJMeterEngine: All thread groups have been started
2018-08-16 19:56:06,224 INFO o.a.j.t.JMeterThread: Thread started: Coordinator 1-1
2018-08-16 19:56:06,225 INFO o.a.j.s.FileServer: Stored: /Users/hoangngocsinh/Documents/TaVi/Test/Performance/Data/login.csv Alias: /Users/hoangngocsinh/Documents/TaVi/Test/Performance/Data/login.csv@379638055
2018-08-16 19:56:06,699 INFO o.a.j.t.JMeterThread: Thread is done: Coordinator 1-1
2018-08-16 19:56:06,699 INFO o.a.j.t.JMeterThread: Thread finished: Coordinator 1-1
2018-08-16 19:56:06,699 INFO o.a.j.e.StandardJMeterEngine: Notifying test listeners of end of test
2018-08-16 19:56:06,699 INFO o.a.j.s.FileServer: Close: /Users/hoangngocsinh/Documents/TaVi/Test/Performance/Data/login.csv@379638055
2018-08-16 19:56:06,700 INFO o.a.j.g.u.JMeterMenuBar: setRunning(false, *local*)
2018-08-16 19:56:36,872 INFO o.a.j.e.StandardJMeterEngine: Running the test!
2018-08-16 19:56:36,872 INFO o.a.j.s.SampleEvent: List of sample_variables: []
2018-08-16 19:56:36,873 INFO o.a.j.g.u.JMeterMenuBar: setRunning(true, *local*)
2018-08-16 19:56:36,947 INFO o.a.j.e.StandardJMeterEngine: Starting ThreadGroup: 1 : Coordinator
2018-08-16 19:56:36,947 INFO o.a.j.e.StandardJMeterEngine: Starting 1 threads for group Coordinator.
2018-08-16 19:56:36,947 INFO o.a.j.e.StandardJMeterEngine: Thread will continue on error
2018-08-16 19:56:36,948 INFO o.a.j.t.ThreadGroup: Starting thread group... number=1 threads=1 ramp-up=1 perThread=1000.0 delayedStart=false
2018-08-16 19:56:36,949 INFO o.a.j.t.ThreadGroup: Started thread group number 1
2018-08-16 19:56:36,949 INFO o.a.j.e.StandardJMeterEngine: All thread groups have been started
2018-08-16 19:56:36,949 INFO o.a.j.t.JMeterThread: Thread started: Coordinator 1-1
2018-08-16 19:56:36,950 INFO o.a.j.s.FileServer: Stored: /Users/hoangngocsinh/Documents/TaVi/Test/Performance/Data/login.csv Alias: /Users/hoangngocsinh/Documents/TaVi/Test/Performance/Data/login.csv@1859895305
2018-08-16 19:56:37,207 INFO o.a.j.t.JMeterThread: Thread is done: Coordinator 1-1
2018-08-16 19:56:37,207 INFO o.a.j.t.JMeterThread: Thread finished: Coordinator 1-1
2018-08-16 19:56:37,207 INFO o.a.j.e.StandardJMeterEngine: Notifying test listeners of end of test
2018-08-16 19:56:37,208 INFO o.a.j.s.FileServer: Close: /Users/hoangngocsinh/Documents/TaVi/Test/Performance/Data/login.csv@1859895305
2018-08-16 19:56:37,208 INFO o.a.j.g.u.JMeterMenuBar: setRunning(false, *local*)
2018-08-16 19:57:25,299 INFO o.a.j.e.StandardJMeterEngine: Running the test!
2018-08-16 19:57:25,301 INFO o.a.j.s.SampleEvent: List of sample_variables: []
2018-08-16 19:57:25,303 INFO o.a.j.g.u.JMeterMenuBar: setRunning(true, *local*)
2018-08-16 19:57:25,394 INFO o.a.j.e.StandardJMeterEngine: Starting ThreadGroup: 1 : Coordinator
2018-08-16 19:57:25,395 INFO o.a.j.e.StandardJMeterEngine: Starting 1 threads for group Coordinator.
2018-08-16 19:57:25,395 INFO o.a.j.e.StandardJMeterEngine: Thread will continue on error
2018-08-16 19:57:25,395 INFO o.a.j.t.ThreadGroup: Starting thread group... number=1 threads=1 ramp-up=1 perThread=1000.0 delayedStart=false
2018-08-16 19:57:25,396 INFO o.a.j.t.ThreadGroup: Started thread group number 1
2018-08-16 19:57:25,396 INFO o.a.j.e.StandardJMeterEngine: All thread groups have been started
2018-08-16 19:57:25,397 INFO o.a.j.t.JMeterThread: Thread started: Coordinator 1-1
2018-08-16 19:57:25,399 INFO o.a.j.s.FileServer: Stored: /Users/hoangngocsinh/Documents/TaVi/Test/Performance/Data/login.csv Alias: /Users/hoangngocsinh/Documents/TaVi/Test/Performance/Data/login.csv@148297354
2018-08-16 19:57:25,768 INFO o.a.j.t.JMeterThread: Thread is done: Coordinator 1-1
2018-08-16 19:57:25,768 INFO o.a.j.t.JMeterThread: Thread finished: Coordinator 1-1
2018-08-16 19:57:25,769 INFO o.a.j.e.StandardJMeterEngine: Notifying test listeners of end of test
2018-08-16 19:57:25,769 INFO o.a.j.s.FileServer: Close: /Users/hoangngocsinh/Documents/TaVi/Test/Performance/Data/login.csv@148297354
2018-08-16 19:57:25,769 INFO o.a.j.g.u.JMeterMenuBar: setRunning(false, *local*)
2018-08-16 19:59:07,180 INFO o.a.j.e.StandardJMeterEngine: Running the test!
2018-08-16 19:59:07,181 INFO o.a.j.s.SampleEvent: List of sample_variables: []
2018-08-16 19:59:07,181 INFO o.a.j.g.u.JMeterMenuBar: setRunning(true, *local*)
2018-08-16 19:59:07,273 INFO o.a.j.e.StandardJMeterEngine: Starting ThreadGroup: 1 : Coordinator
2018-08-16 19:59:07,274 INFO o.a.j.e.StandardJMeterEngine: Starting 1 threads for group Coordinator.
2018-08-16 19:59:07,274 INFO o.a.j.e.StandardJMeterEngine: Thread will continue on error
2018-08-16 19:59:07,275 INFO o.a.j.t.ThreadGroup: Starting thread group... number=1 threads=1 ramp-up=1 perThread=1000.0 delayedStart=false
2018-08-16 19:59:07,276 INFO o.a.j.t.ThreadGroup: Started thread group number 1
2018-08-16 19:59:07,276 INFO o.a.j.e.StandardJMeterEngine: All thread groups have been started
2018-08-16 19:59:07,277 INFO o.a.j.t.JMeterThread: Thread started: Coordinator 1-1
2018-08-16 19:59:07,277 INFO o.a.j.s.FileServer: Stored: /Users/hoangngocsinh/Documents/TaVi/Test/Performance/Data/login.csv Alias: /Users/hoangngocsinh/Documents/TaVi/Test/Performance/Data/login.csv@2079954915
2018-08-16 19:59:07,514 INFO o.a.j.t.JMeterThread: Thread is done: Coordinator 1-1
2018-08-16 19:59:07,515 INFO o.a.j.t.JMeterThread: Thread finished: Coordinator 1-1
2018-08-16 19:59:07,515 INFO o.a.j.e.StandardJMeterEngine: Notifying test listeners of end of test
2018-08-16 19:59:07,515 INFO o.a.j.s.FileServer: Close: /Users/hoangngocsinh/Documents/TaVi/Test/Performance/Data/login.csv@2079954915
2018-08-16 19:59:07,516 INFO o.a.j.g.u.JMeterMenuBar: setRunning(false, *local*)
2018-08-16 20:01:27,221 INFO o.a.j.e.StandardJMeterEngine: Running the test!
2018-08-16 20:01:27,230 INFO o.a.j.s.SampleEvent: List of sample_variables: []
2018-08-16 20:01:27,233 INFO o.a.j.g.u.JMeterMenuBar: setRunning(true, *local*)
2018-08-16 20:01:27,463 INFO o.a.j.e.StandardJMeterEngine: Starting ThreadGroup: 1 : Coordinator
2018-08-16 20:01:27,464 INFO o.a.j.e.StandardJMeterEngine: Starting 1 threads for group Coordinator.
2018-08-16 20:01:27,464 INFO o.a.j.e.StandardJMeterEngine: Thread will continue on error
2018-08-16 20:01:27,465 INFO o.a.j.t.ThreadGroup: Starting thread group... number=1 threads=1 ramp-up=1 perThread=1000.0 delayedStart=false
2018-08-16 20:01:27,466 INFO o.a.j.t.ThreadGroup: Started thread group number 1
2018-08-16 20:01:27,466 INFO o.a.j.e.StandardJMeterEngine: All thread groups have been started
2018-08-16 20:01:27,467 INFO o.a.j.t.JMeterThread: Thread started: Coordinator 1-1
2018-08-16 20:01:27,468 INFO o.a.j.s.FileServer: Stored: /Users/hoangngocsinh/Documents/TaVi/Test/Performance/Data/login.csv Alias: /Users/hoangngocsinh/Documents/TaVi/Test/Performance/Data/login.csv@133621414
2018-08-16 20:01:27,713 INFO o.a.j.t.JMeterThread: Thread is done: Coordinator 1-1
2018-08-16 20:01:27,713 INFO o.a.j.t.JMeterThread: Thread finished: Coordinator 1-1
2018-08-16 20:01:27,713 INFO o.a.j.e.StandardJMeterEngine: Notifying test listeners of end of test
2018-08-16 20:01:27,713 INFO o.a.j.s.FileServer: Close: /Users/hoangngocsinh/Documents/TaVi/Test/Performance/Data/login.csv@133621414
2018-08-16 20:01:27,714 INFO o.a.j.g.u.JMeterMenuBar: setRunning(false, *local*)
2018-08-16 20:01:43,512 INFO o.a.j.e.StandardJMeterEngine: Running the test!
2018-08-16 20:01:43,512 INFO o.a.j.s.SampleEvent: List of sample_variables: []
2018-08-16 20:01:43,512 INFO o.a.j.g.u.JMeterMenuBar: setRunning(true, *local*)
2018-08-16 20:01:43,610 INFO o.a.j.e.StandardJMeterEngine: Starting ThreadGroup: 1 : Coordinator
2018-08-16 20:01:43,610 INFO o.a.j.e.StandardJMeterEngine: Starting 1 threads for group Coordinator.
2018-08-16 20:01:43,610 INFO o.a.j.e.StandardJMeterEngine: Thread will continue on error
2018-08-16 20:01:43,610 INFO o.a.j.t.ThreadGroup: Starting thread group... number=1 threads=1 ramp-up=1 perThread=1000.0 delayedStart=false
2018-08-16 20:01:43,611 INFO o.a.j.t.ThreadGroup: Started thread group number 1
2018-08-16 20:01:43,611 INFO o.a.j.e.StandardJMeterEngine: All thread groups have been started
2018-08-16 20:01:43,611 INFO o.a.j.t.JMeterThread: Thread started: Coordinator 1-1
2018-08-16 20:01:43,611 INFO o.a.j.s.FileServer: Stored: /Users/hoangngocsinh/Documents/TaVi/Test/Performance/Data/login.csv Alias: /Users/hoangngocsinh/Documents/TaVi/Test/Performance/Data/login.csv@1526901746
2018-08-16 20:01:43,955 INFO o.a.j.t.JMeterThread: Thread is done: Coordinator 1-1
2018-08-16 20:01:43,955 INFO o.a.j.t.JMeterThread: Thread finished: Coordinator 1-1
2018-08-16 20:01:43,956 INFO o.a.j.e.StandardJMeterEngine: Notifying test listeners of end of test
2018-08-16 20:01:43,956 INFO o.a.j.s.FileServer: Close: /Users/hoangngocsinh/Documents/TaVi/Test/Performance/Data/login.csv@1526901746
2018-08-16 20:01:43,957 INFO o.a.j.g.u.JMeterMenuBar: setRunning(false, *local*)
2018-08-16 20:04:56,337 INFO o.a.j.e.StandardJMeterEngine: Running the test!
2018-08-16 20:04:56,338 INFO o.a.j.s.SampleEvent: List of sample_variables: []
2018-08-16 20:04:56,339 INFO o.a.j.g.u.JMeterMenuBar: setRunning(true, *local*)
2018-08-16 20:04:56,430 INFO o.a.j.e.StandardJMeterEngine: Starting ThreadGroup: 1 : Coordinator
2018-08-16 20:04:56,430 INFO o.a.j.e.StandardJMeterEngine: Starting 1 threads for group Coordinator.
2018-08-16 20:04:56,430 INFO o.a.j.e.StandardJMeterEngine: Thread will continue on error
2018-08-16 20:04:56,430 INFO o.a.j.t.ThreadGroup: Starting thread group... number=1 threads=1 ramp-up=1 perThread=1000.0 delayedStart=false
2018-08-16 20:04:56,431 INFO o.a.j.t.ThreadGroup: Started thread group number 1
2018-08-16 20:04:56,431 INFO o.a.j.e.StandardJMeterEngine: All thread groups have been started
2018-08-16 20:04:56,432 INFO o.a.j.t.JMeterThread: Thread started: Coordinator 1-1
2018-08-16 20:04:56,432 INFO o.a.j.s.FileServer: Stored: /Users/hoangngocsinh/Documents/TaVi/Test/Performance/Data/login.csv Alias: /Users/hoangngocsinh/Documents/TaVi/Test/Performance/Data/login.csv@901331960
2018-08-16 20:04:56,735 INFO o.a.j.t.JMeterThread: Thread is done: Coordinator 1-1
2018-08-16 20:04:56,736 INFO o.a.j.t.JMeterThread: Thread finished: Coordinator 1-1
2018-08-16 20:04:56,736 INFO o.a.j.e.StandardJMeterEngine: Notifying test listeners of end of test
2018-08-16 20:04:56,736 INFO o.a.j.s.FileServer: Close: /Users/hoangngocsinh/Documents/TaVi/Test/Performance/Data/login.csv@901331960
2018-08-16 20:04:56,736 INFO o.a.j.g.u.JMeterMenuBar: setRunning(false, *local*)
2018-08-16 20:07:22,967 INFO o.a.j.e.StandardJMeterEngine: Running the test!
2018-08-16 20:07:22,975 INFO o.a.j.s.SampleEvent: List of sample_variables: []
2018-08-16 20:07:22,979 INFO o.a.j.g.u.JMeterMenuBar: setRunning(true, *local*)
2018-08-16 20:07:23,196 INFO o.a.j.e.StandardJMeterEngine: Starting ThreadGroup: 1 : Coordinator
2018-08-16 20:07:23,196 INFO o.a.j.e.StandardJMeterEngine: Starting 1 threads for group Coordinator.
2018-08-16 20:07:23,196 INFO o.a.j.e.StandardJMeterEngine: Thread will continue on error
2018-08-16 20:07:23,197 INFO o.a.j.t.ThreadGroup: Starting thread group... number=1 threads=1 ramp-up=1 perThread=1000.0 delayedStart=false
2018-08-16 20:07:23,198 INFO o.a.j.t.ThreadGroup: Started thread group number 1
2018-08-16 20:07:23,199 INFO o.a.j.e.StandardJMeterEngine: All thread groups have been started
2018-08-16 20:07:23,199 INFO o.a.j.t.JMeterThread: Thread started: Coordinator 1-1
2018-08-16 20:07:23,200 INFO o.a.j.s.FileServer: Stored: /Users/hoangngocsinh/Documents/TaVi/Test/Performance/Data/login.csv Alias: /Users/hoangngocsinh/Documents/TaVi/Test/Performance/Data/login.csv@1741475968
2018-08-16 20:07:23,526 INFO o.a.j.t.JMeterThread: Thread is done: Coordinator 1-1
2018-08-16 20:07:23,526 INFO o.a.j.t.JMeterThread: Thread finished: Coordinator 1-1
2018-08-16 20:07:23,527 INFO o.a.j.e.StandardJMeterEngine: Notifying test listeners of end of test
2018-08-16 20:07:23,527 INFO o.a.j.s.FileServer: Close: /Users/hoangngocsinh/Documents/TaVi/Test/Performance/Data/login.csv@1741475968
2018-08-16 20:07:23,528 INFO o.a.j.g.u.JMeterMenuBar: setRunning(false, *local*)
2018-08-16 20:08:29,290 INFO o.a.j.e.StandardJMeterEngine: Running the test!
2018-08-16 20:08:29,291 INFO o.a.j.s.SampleEvent: List of sample_variables: []
2018-08-16 20:08:29,291 INFO o.a.j.g.u.JMeterMenuBar: setRunning(true, *local*)
2018-08-16 20:08:29,379 INFO o.a.j.e.StandardJMeterEngine: Starting ThreadGroup: 1 : Coordinator
2018-08-16 20:08:29,379 INFO o.a.j.e.StandardJMeterEngine: Starting 1 threads for group Coordinator.
2018-08-16 20:08:29,379 INFO o.a.j.e.StandardJMeterEngine: Thread will continue on error
2018-08-16 20:08:29,380 INFO o.a.j.t.ThreadGroup: Starting thread group... number=1 threads=1 ramp-up=1 perThread=1000.0 delayedStart=false
2018-08-16 20:08:29,380 INFO o.a.j.t.ThreadGroup: Started thread group number 1
2018-08-16 20:08:29,380 INFO o.a.j.e.StandardJMeterEngine: All thread groups have been started
2018-08-16 20:08:29,380 INFO o.a.j.t.JMeterThread: Thread started: Coordinator 1-1
2018-08-16 20:08:29,381 INFO o.a.j.s.FileServer: Stored: /Users/hoangngocsinh/Documents/TaVi/Test/Performance/Data/login.csv Alias: /Users/hoangngocsinh/Documents/TaVi/Test/Performance/Data/login.csv@1190903079
2018-08-16 20:08:29,612 INFO o.a.j.t.JMeterThread: Thread is done: Coordinator 1-1
2018-08-16 20:08:29,612 INFO o.a.j.t.JMeterThread: Thread finished: Coordinator 1-1
2018-08-16 20:08:29,613 INFO o.a.j.e.StandardJMeterEngine: Notifying test listeners of end of test
2018-08-16 20:08:29,613 INFO o.a.j.s.FileServer: Close: /Users/hoangngocsinh/Documents/TaVi/Test/Performance/Data/login.csv@1190903079
2018-08-16 20:08:29,613 INFO o.a.j.g.u.JMeterMenuBar: setRunning(false, *local*)
2018-08-16 20:11:10,977 INFO o.a.j.e.StandardJMeterEngine: Running the test!
2018-08-16 20:11:10,978 INFO o.a.j.s.SampleEvent: List of sample_variables: []
2018-08-16 20:11:10,979 INFO o.a.j.g.u.JMeterMenuBar: setRunning(true, *local*)
2018-08-16 20:11:11,063 INFO o.a.j.e.StandardJMeterEngine: Starting ThreadGroup: 1 : Coordinator
2018-08-16 20:11:11,064 INFO o.a.j.e.StandardJMeterEngine: Starting 1 threads for group Coordinator.
2018-08-16 20:11:11,064 INFO o.a.j.e.StandardJMeterEngine: Thread will continue on error
2018-08-16 20:11:11,064 INFO o.a.j.t.ThreadGroup: Starting thread group... number=1 threads=1 ramp-up=1 perThread=1000.0 delayedStart=false
2018-08-16 20:11:11,064 INFO o.a.j.t.ThreadGroup: Started thread group number 1
2018-08-16 20:11:11,065 INFO o.a.j.e.StandardJMeterEngine: All thread groups have been started
2018-08-16 20:11:11,065 INFO o.a.j.t.JMeterThread: Thread started: Coordinator 1-1
2018-08-16 20:11:11,066 INFO o.a.j.s.FileServer: Stored: /Users/hoangngocsinh/Documents/TaVi/Test/Performance/Data/login.csv Alias: /Users/hoangngocsinh/Documents/TaVi/Test/Performance/Data/login.csv@693624975
2018-08-16 20:11:11,494 INFO o.a.j.t.JMeterThread: Thread is done: Coordinator 1-1
2018-08-16 20:11:11,494 INFO o.a.j.t.JMeterThread: Thread finished: Coordinator 1-1
2018-08-16 20:11:11,495 INFO o.a.j.e.StandardJMeterEngine: Notifying test listeners of end of test
2018-08-16 20:11:11,495 INFO o.a.j.s.FileServer: Close: /Users/hoangngocsinh/Documents/TaVi/Test/Performance/Data/login.csv@693624975
2018-08-16 20:11:11,495 INFO o.a.j.g.u.JMeterMenuBar: setRunning(false, *local*)
2018-08-16 20:13:23,370 INFO o.a.j.e.StandardJMeterEngine: Running the test!
2018-08-16 20:13:23,372 INFO o.a.j.s.SampleEvent: List of sample_variables: []
2018-08-16 20:13:23,373 INFO o.a.j.g.u.JMeterMenuBar: setRunning(true, *local*)
2018-08-16 20:13:23,459 INFO o.a.j.e.StandardJMeterEngine: Starting ThreadGroup: 1 : Coordinator
2018-08-16 20:13:23,459 INFO o.a.j.e.StandardJMeterEngine: Starting 1 threads for group Coordinator.
2018-08-16 20:13:23,459 INFO o.a.j.e.StandardJMeterEngine: Thread will continue on error
2018-08-16 20:13:23,459 INFO o.a.j.t.ThreadGroup: Starting thread group... number=1 threads=1 ramp-up=1 perThread=1000.0 delayedStart=false
2018-08-16 20:13:23,460 INFO o.a.j.t.ThreadGroup: Started thread group number 1
2018-08-16 20:13:23,461 INFO o.a.j.e.StandardJMeterEngine: All thread groups have been started
2018-08-16 20:13:23,461 INFO o.a.j.t.JMeterThread: Thread started: Coordinator 1-1
2018-08-16 20:13:23,462 INFO o.a.j.s.FileServer: Stored: /Users/hoangngocsinh/Documents/TaVi/Test/Performance/Data/login.csv Alias: /Users/hoangngocsinh/Documents/TaVi/Test/Performance/Data/login.csv@1854118147
2018-08-16 20:13:23,865 INFO o.a.j.t.JMeterThread: Thread is done: Coordinator 1-1
2018-08-16 20:13:23,865 INFO o.a.j.t.JMeterThread: Thread finished: Coordinator 1-1
2018-08-16 20:13:23,865 INFO o.a.j.e.StandardJMeterEngine: Notifying test listeners of end of test
2018-08-16 20:13:23,865 INFO o.a.j.s.FileServer: Close: /Users/hoangngocsinh/Documents/TaVi/Test/Performance/Data/login.csv@1854118147
2018-08-16 20:13:23,866 INFO o.a.j.g.u.JMeterMenuBar: setRunning(false, *local*)
2018-08-16 20:13:25,723 INFO o.a.j.e.StandardJMeterEngine: Running the test!
2018-08-16 20:13:25,723 INFO o.a.j.s.SampleEvent: List of sample_variables: []
2018-08-16 20:13:25,723 INFO o.a.j.g.u.JMeterMenuBar: setRunning(true, *local*)
2018-08-16 20:13:25,806 INFO o.a.j.e.StandardJMeterEngine: Starting ThreadGroup: 1 : Coordinator
2018-08-16 20:13:25,806 INFO o.a.j.e.StandardJMeterEngine: Starting 1 threads for group Coordinator.
2018-08-16 20:13:25,806 INFO o.a.j.e.StandardJMeterEngine: Thread will continue on error
2018-08-16 20:13:25,806 INFO o.a.j.t.ThreadGroup: Starting thread group... number=1 threads=1 ramp-up=1 perThread=1000.0 delayedStart=false
2018-08-16 20:13:25,807 INFO o.a.j.t.ThreadGroup: Started thread group number 1
2018-08-16 20:13:25,808 INFO o.a.j.t.JMeterThread: Thread started: Coordinator 1-1
2018-08-16 20:13:25,809 INFO o.a.j.e.StandardJMeterEngine: All thread groups have been started
2018-08-16 20:13:25,809 INFO o.a.j.s.FileServer: Stored: /Users/hoangngocsinh/Documents/TaVi/Test/Performance/Data/login.csv Alias: /Users/hoangngocsinh/Documents/TaVi/Test/Performance/Data/login.csv@1914129823
2018-08-16 20:13:26,300 INFO o.a.j.t.JMeterThread: Thread is done: Coordinator 1-1
2018-08-16 20:13:26,301 INFO o.a.j.t.JMeterThread: Thread finished: Coordinator 1-1
2018-08-16 20:13:26,301 INFO o.a.j.e.StandardJMeterEngine: Notifying test listeners of end of test
2018-08-16 20:13:26,301 INFO o.a.j.s.FileServer: Close: /Users/hoangngocsinh/Documents/TaVi/Test/Performance/Data/login.csv@1914129823
2018-08-16 20:13:26,302 INFO o.a.j.g.u.JMeterMenuBar: setRunning(false, *local*)
2018-08-16 20:14:48,596 INFO o.a.j.e.StandardJMeterEngine: Running the test!
2018-08-16 20:14:48,598 INFO o.a.j.s.SampleEvent: List of sample_variables: []
2018-08-16 20:14:48,599 INFO o.a.j.f.StringFromFile: setParameters("/Users/hoangngocsinh/Pictures/previewfile_974555519.jpg")
2018-08-16 20:14:48,600 INFO o.a.j.g.u.JMeterMenuBar: setRunning(true, *local*)
2018-08-16 20:14:48,685 INFO o.a.j.e.StandardJMeterEngine: Starting ThreadGroup: 1 : Coordinator
2018-08-16 20:14:48,686 INFO o.a.j.e.StandardJMeterEngine: Starting 1 threads for group Coordinator.
2018-08-16 20:14:48,687 INFO o.a.j.e.StandardJMeterEngine: Thread will continue on error
2018-08-16 20:14:48,687 INFO o.a.j.t.ThreadGroup: Starting thread group... number=1 threads=1 ramp-up=1 perThread=1000.0 delayedStart=false
2018-08-16 20:14:48,688 INFO o.a.j.t.ThreadGroup: Started thread group number 1
2018-08-16 20:14:48,688 INFO o.a.j.e.StandardJMeterEngine: All thread groups have been started
2018-08-16 20:14:48,688 INFO o.a.j.t.JMeterThread: Thread started: Coordinator 1-1
2018-08-16 20:14:48,690 INFO o.a.j.s.FileServer: Stored: /Users/hoangngocsinh/Documents/TaVi/Test/Performance/Data/login.csv Alias: /Users/hoangngocsinh/Documents/TaVi/Test/Performance/Data/login.csv@2069018793
2018-08-16 20:14:49,050 INFO o.a.j.f.StringFromFile: Coordinator 1-1 opening file "/Users/hoangngocsinh/Pictures/previewfile_974555519.jpg"
2018-08-16 20:14:49,050 ERROR o.a.j.f.StringFromFile: openFile() error: java.io.FileNotFoundException: "/Users/hoangngocsinh/Pictures/previewfile_974555519.jpg" (No such file or directory)
2018-08-16 20:14:49,094 INFO o.a.j.t.JMeterThread: Thread is done: Coordinator 1-1
2018-08-16 20:14:49,094 INFO o.a.j.t.JMeterThread: Thread finished: Coordinator 1-1
2018-08-16 20:14:49,095 INFO o.a.j.e.StandardJMeterEngine: Notifying test listeners of end of test
2018-08-16 20:14:49,095 INFO o.a.j.s.FileServer: Close: /Users/hoangngocsinh/Documents/TaVi/Test/Performance/Data/login.csv@2069018793
2018-08-16 20:14:49,096 INFO o.a.j.g.u.JMeterMenuBar: setRunning(false, *local*)
2018-08-16 20:17:40,768 INFO o.a.j.e.StandardJMeterEngine: Running the test!
2018-08-16 20:17:40,769 INFO o.a.j.s.SampleEvent: List of sample_variables: []
2018-08-16 20:17:40,770 INFO o.a.j.g.u.JMeterMenuBar: setRunning(true, *local*)
2018-08-16 20:17:40,857 INFO o.a.j.e.StandardJMeterEngine: Starting ThreadGroup: 1 : Coordinator
2018-08-16 20:17:40,858 INFO o.a.j.e.StandardJMeterEngine: Starting 1 threads for group Coordinator.
2018-08-16 20:17:40,858 INFO o.a.j.e.StandardJMeterEngine: Thread will continue on error
2018-08-16 20:17:40,858 INFO o.a.j.t.ThreadGroup: Starting thread group... number=1 threads=1 ramp-up=1 perThread=1000.0 delayedStart=false
2018-08-16 20:17:40,860 INFO o.a.j.t.ThreadGroup: Started thread group number 1
2018-08-16 20:17:40,860 INFO o.a.j.e.StandardJMeterEngine: All thread groups have been started
2018-08-16 20:17:40,860 INFO o.a.j.t.JMeterThread: Thread started: Coordinator 1-1
2018-08-16 20:17:40,860 INFO o.a.j.s.FileServer: Stored: /Users/hoangngocsinh/Documents/TaVi/Test/Performance/Data/login.csv Alias: /Users/hoangngocsinh/Documents/TaVi/Test/Performance/Data/login.csv@1703043925
2018-08-16 20:17:41,183 INFO o.a.j.t.JMeterThread: Thread is done: Coordinator 1-1
2018-08-16 20:17:41,183 INFO o.a.j.t.JMeterThread: Thread finished: Coordinator 1-1
2018-08-16 20:17:41,184 INFO o.a.j.e.StandardJMeterEngine: Notifying test listeners of end of test
2018-08-16 20:17:41,184 INFO o.a.j.s.FileServer: Close: /Users/hoangngocsinh/Documents/TaVi/Test/Performance/Data/login.csv@1703043925
2018-08-16 20:17:41,185 INFO o.a.j.g.u.JMeterMenuBar: setRunning(false, *local*)
2018-08-16 20:24:18,886 INFO o.a.j.e.StandardJMeterEngine: Running the test!
2018-08-16 20:24:18,895 INFO o.a.j.s.SampleEvent: List of sample_variables: []
2018-08-16 20:24:18,898 INFO o.a.j.g.u.JMeterMenuBar: setRunning(true, *local*)
2018-08-16 20:24:19,129 INFO o.a.j.e.StandardJMeterEngine: Starting ThreadGroup: 1 : Coordinator
2018-08-16 20:24:19,129 INFO o.a.j.e.StandardJMeterEngine: Starting 1 threads for group Coordinator.
2018-08-16 20:24:19,129 INFO o.a.j.e.StandardJMeterEngine: Thread will continue on error
2018-08-16 20:24:19,129 INFO o.a.j.t.ThreadGroup: Starting thread group... number=1 threads=1 ramp-up=1 perThread=1000.0 delayedStart=false
2018-08-16 20:24:19,130 INFO o.a.j.t.ThreadGroup: Started thread group number 1
2018-08-16 20:24:19,130 INFO o.a.j.e.StandardJMeterEngine: All thread groups have been started
2018-08-16 20:24:19,131 INFO o.a.j.t.JMeterThread: Thread started: Coordinator 1-1
2018-08-16 20:24:19,131 INFO o.a.j.s.FileServer: Stored: /Users/hoangngocsinh/Documents/TaVi/Test/Performance/Data/login.csv Alias: /Users/hoangngocsinh/Documents/TaVi/Test/Performance/Data/login.csv@1422592877
2018-08-16 20:24:19,448 INFO o.a.j.t.JMeterThread: Thread is done: Coordinator 1-1
2018-08-16 20:24:19,448 INFO o.a.j.t.JMeterThread: Thread finished: Coordinator 1-1
2018-08-16 20:24:19,448 INFO o.a.j.e.StandardJMeterEngine: Notifying test listeners of end of test
2018-08-16 20:24:19,448 INFO o.a.j.s.FileServer: Close: /Users/hoangngocsinh/Documents/TaVi/Test/Performance/Data/login.csv@1422592877
2018-08-16 20:24:19,449 INFO o.a.j.g.u.JMeterMenuBar: setRunning(false, *local*)
2018-08-16 20:25:21,259 INFO o.a.j.e.StandardJMeterEngine: Running the test!
2018-08-16 20:25:21,260 INFO o.a.j.s.SampleEvent: List of sample_variables: []
2018-08-16 20:25:21,261 INFO o.a.j.g.u.JMeterMenuBar: setRunning(true, *local*)
2018-08-16 20:25:21,356 INFO o.a.j.e.StandardJMeterEngine: Starting ThreadGroup: 1 : Coordinator
2018-08-16 20:25:21,356 INFO o.a.j.e.StandardJMeterEngine: Starting 1 threads for group Coordinator.
2018-08-16 20:25:21,356 INFO o.a.j.e.StandardJMeterEngine: Thread will continue on error
2018-08-16 20:25:21,357 INFO o.a.j.t.ThreadGroup: Starting thread group... number=1 threads=1 ramp-up=1 perThread=1000.0 delayedStart=false
2018-08-16 20:25:21,358 INFO o.a.j.t.ThreadGroup: Started thread group number 1
2018-08-16 20:25:21,358 INFO o.a.j.e.StandardJMeterEngine: All thread groups have been started
2018-08-16 20:25:21,358 INFO o.a.j.t.JMeterThread: Thread started: Coordinator 1-1
2018-08-16 20:25:21,359 INFO o.a.j.s.FileServer: Stored: /Users/hoangngocsinh/Documents/TaVi/Test/Performance/Data/login.csv Alias: /Users/hoangngocsinh/Documents/TaVi/Test/Performance/Data/login.csv@495250503
2018-08-16 20:25:21,561 INFO o.a.j.t.JMeterThread: Thread is done: Coordinator 1-1
2018-08-16 20:25:21,562 INFO o.a.j.t.JMeterThread: Thread finished: Coordinator 1-1
2018-08-16 20:25:21,562 INFO o.a.j.e.StandardJMeterEngine: Notifying test listeners of end of test
2018-08-16 20:25:21,562 INFO o.a.j.s.FileServer: Close: /Users/hoangngocsinh/Documents/TaVi/Test/Performance/Data/login.csv@495250503
2018-08-16 20:25:21,562 INFO o.a.j.g.u.JMeterMenuBar: setRunning(false, *local*)
2018-08-16 20:25:47,982 INFO o.a.j.e.StandardJMeterEngine: Running the test!
2018-08-16 20:25:47,983 INFO o.a.j.s.SampleEvent: List of sample_variables: []
2018-08-16 20:25:47,984 INFO o.a.j.g.u.JMeterMenuBar: setRunning(true, *local*)
2018-08-16 20:25:48,075 INFO o.a.j.e.StandardJMeterEngine: Starting ThreadGroup: 1 : Coordinator
2018-08-16 20:25:48,075 INFO o.a.j.e.StandardJMeterEngine: Starting 1 threads for group Coordinator.
2018-08-16 20:25:48,075 INFO o.a.j.e.StandardJMeterEngine: Thread will continue on error
2018-08-16 20:25:48,075 INFO o.a.j.t.ThreadGroup: Starting thread group... number=1 threads=1 ramp-up=1 perThread=1000.0 delayedStart=false
2018-08-16 20:25:48,076 INFO o.a.j.t.ThreadGroup: Started thread group number 1
2018-08-16 20:25:48,077 INFO o.a.j.e.StandardJMeterEngine: All thread groups have been started
2018-08-16 20:25:48,077 INFO o.a.j.t.JMeterThread: Thread started: Coordinator 1-1
2018-08-16 20:25:48,078 INFO o.a.j.s.FileServer: Stored: /Users/hoangngocsinh/Documents/TaVi/Test/Performance/Data/login.csv Alias: /Users/hoangngocsinh/Documents/TaVi/Test/Performance/Data/login.csv@1587237235
2018-08-16 20:25:48,357 INFO o.a.j.t.JMeterThread: Thread is done: Coordinator 1-1
2018-08-16 20:25:48,357 INFO o.a.j.t.JMeterThread: Thread finished: Coordinator 1-1
2018-08-16 20:25:48,358 INFO o.a.j.e.StandardJMeterEngine: Notifying test listeners of end of test
2018-08-16 20:25:48,358 INFO o.a.j.s.FileServer: Close: /Users/hoangngocsinh/Documents/TaVi/Test/Performance/Data/login.csv@1587237235
2018-08-16 20:25:48,359 INFO o.a.j.g.u.JMeterMenuBar: setRunning(false, *local*)
2018-08-17 07:15:30,342 INFO o.a.j.e.StandardJMeterEngine: Running the test!
2018-08-17 07:15:30,366 INFO o.a.j.s.SampleEvent: List of sample_variables: []
2018-08-17 07:15:30,382 INFO o.a.j.g.u.JMeterMenuBar: setRunning(true, *local*)
2018-08-17 07:15:30,696 INFO o.a.j.e.StandardJMeterEngine: Starting ThreadGroup: 1 : Coordinator
2018-08-17 07:15:30,697 INFO o.a.j.e.StandardJMeterEngine: Starting 1 threads for group Coordinator.
2018-08-17 07:15:30,697 INFO o.a.j.e.StandardJMeterEngine: Thread will continue on error
2018-08-17 07:15:30,697 INFO o.a.j.t.ThreadGroup: Starting thread group... number=1 threads=1 ramp-up=1 perThread=1000.0 delayedStart=false
2018-08-17 07:15:30,697 INFO o.a.j.t.ThreadGroup: Started thread group number 1
2018-08-17 07:15:30,697 INFO o.a.j.e.StandardJMeterEngine: All thread groups have been started
2018-08-17 07:15:30,698 INFO o.a.j.t.JMeterThread: Thread started: Coordinator 1-1
2018-08-17 07:15:30,699 INFO o.a.j.s.FileServer: Stored: /Users/hoangngocsinh/Documents/TaVi/Test/Performance/Data/login.csv Alias: /Users/hoangngocsinh/Documents/TaVi/Test/Performance/Data/login.csv@871571967
2018-08-17 07:15:31,066 INFO o.a.j.t.JMeterThread: Thread is done: Coordinator 1-1
2018-08-17 07:15:31,067 INFO o.a.j.t.JMeterThread: Thread finished: Coordinator 1-1
2018-08-17 07:15:31,067 INFO o.a.j.e.StandardJMeterEngine: Notifying test listeners of end of test
2018-08-17 07:15:31,067 INFO o.a.j.s.FileServer: Close: /Users/hoangngocsinh/Documents/TaVi/Test/Performance/Data/login.csv@871571967
2018-08-17 07:15:31,067 INFO o.a.j.g.u.JMeterMenuBar: setRunning(false, *local*)
2018-08-17 10:52:54,721 INFO o.a.j.e.StandardJMeterEngine: Running the test!
2018-08-17 10:52:54,743 INFO o.a.j.s.SampleEvent: List of sample_variables: []
2018-08-17 10:52:54,791 INFO o.a.j.g.u.JMeterMenuBar: setRunning(true, *local*)
2018-08-17 10:52:55,100 INFO o.a.j.e.StandardJMeterEngine: Starting ThreadGroup: 1 : Coordinator
2018-08-17 10:52:55,100 INFO o.a.j.e.StandardJMeterEngine: Starting 1 threads for group Coordinator.
2018-08-17 10:52:55,100 INFO o.a.j.e.StandardJMeterEngine: Thread will continue on error
2018-08-17 10:52:55,101 INFO o.a.j.t.ThreadGroup: Starting thread group... number=1 threads=1 ramp-up=1 perThread=1000.0 delayedStart=false
2018-08-17 10:52:55,121 INFO o.a.j.t.ThreadGroup: Started thread group number 1
2018-08-17 10:52:55,123 INFO o.a.j.e.StandardJMeterEngine: Waiting for thread group: Coordinator to finish before starting next group
2018-08-17 10:52:55,125 INFO o.a.j.t.JMeterThread: Thread started: Coordinator 1-1
2018-08-17 10:52:55,126 INFO o.a.j.s.FileServer: Stored: /Users/hoangngocsinh/Documents/TaVi/Test/Performance/Data/login.csv Alias: /Users/hoangngocsinh/Documents/TaVi/Test/Performance/Data/login.csv@1296658502
2018-08-17 10:53:01,904 INFO o.a.j.g.a.Start: Stopping test
2018-08-17 10:53:01,924 INFO o.a.j.t.JMeterThread: Stopping: Coordinator 1-1
2018-08-17 10:53:01,924 WARN o.a.j.t.JMeterThread: Interrupting: Coordinator 1-1 sampler: Login
2018-08-17 10:53:01,942 INFO o.a.j.t.JMeterThread: Thread finished: Coordinator 1-1
2018-08-17 10:53:01,942 INFO o.a.j.e.StandardJMeterEngine: Test stopped - no more thread groups will be started
2018-08-17 10:53:01,942 INFO o.a.j.e.StandardJMeterEngine: Notifying test listeners of end of test
2018-08-17 10:53:01,942 INFO o.a.j.s.FileServer: Close: /Users/hoangngocsinh/Documents/TaVi/Test/Performance/Data/login.csv@1296658502
2018-08-17 10:53:01,943 INFO o.a.j.r.Summariser: Generate Summary Results =      0 in 00:00:00 = ******/s Avg:     0 Min: 9223372036854775807 Max: -9223372036854775808 Err:     0 (0.00%)
2018-08-17 10:53:01,944 INFO o.a.j.g.u.JMeterMenuBar: setRunning(false, *local*)
2018-08-17 13:00:03,274 INFO o.a.j.e.StandardJMeterEngine: Running the test!
2018-08-17 13:00:03,302 INFO o.a.j.s.SampleEvent: List of sample_variables: []
2018-08-17 13:00:03,315 INFO o.a.j.g.u.JMeterMenuBar: setRunning(true, *local*)
2018-08-17 13:00:03,769 INFO o.a.j.e.StandardJMeterEngine: Starting ThreadGroup: 1 : Coordinator
2018-08-17 13:00:03,769 INFO o.a.j.e.StandardJMeterEngine: Starting 1 threads for group Coordinator.
2018-08-17 13:00:03,769 INFO o.a.j.e.StandardJMeterEngine: Thread will continue on error
2018-08-17 13:00:03,769 INFO o.a.j.t.ThreadGroup: Starting thread group... number=1 threads=1 ramp-up=1 perThread=1000.0 delayedStart=false
2018-08-17 13:00:03,781 INFO o.a.j.t.ThreadGroup: Started thread group number 1
2018-08-17 13:00:03,781 INFO o.a.j.e.StandardJMeterEngine: Waiting for thread group: Coordinator to finish before starting next group
2018-08-17 13:00:03,782 INFO o.a.j.t.JMeterThread: Thread started: Coordinator 1-1
2018-08-17 13:00:03,782 INFO o.a.j.s.FileServer: Stored: /Users/hoangngocsinh/Documents/TaVi/Test/Performance/Data/login.csv Alias: /Users/hoangngocsinh/Documents/TaVi/Test/Performance/Data/login.csv@1435342973
2018-08-17 13:00:04,209 INFO o.a.j.t.JMeterThread: Thread is done: Coordinator 1-1
2018-08-17 13:00:04,210 INFO o.a.j.t.JMeterThread: Thread finished: Coordinator 1-1
2018-08-17 13:00:04,210 INFO o.a.j.e.StandardJMeterEngine: Starting ThreadGroup: 2 : Guest
2018-08-17 13:00:04,210 INFO o.a.j.e.StandardJMeterEngine: Starting 1 threads for group Guest.
2018-08-17 13:00:04,210 INFO o.a.j.e.StandardJMeterEngine: Thread will continue on error
2018-08-17 13:00:04,211 INFO o.a.j.t.ThreadGroup: Starting thread group... number=2 threads=1 ramp-up=1 perThread=1000.0 delayedStart=false
2018-08-17 13:00:04,234 INFO o.a.j.t.ThreadGroup: Started thread group number 2
2018-08-17 13:00:04,235 INFO o.a.j.e.StandardJMeterEngine: Waiting for thread group: Guest to finish before starting next group
2018-08-17 13:00:04,235 INFO o.a.j.t.JMeterThread: Thread started: Guest 2-1
2018-08-17 13:00:04,235 INFO o.a.j.s.FileServer: Stored: /Users/hoangngocsinh/Documents/TaVi/Test/Performance/Data/login.csv Alias: /Users/hoangngocsinh/Documents/TaVi/Test/Performance/Data/login.csv@227694238
2018-08-17 13:00:04,560 INFO o.a.j.r.Summariser: Generate Summary Results +      1 in 00:00:01 =    0.8/s Avg:   299 Min:   299 Max:   299 Err:     0 (0.00%) Active: 1 Started: 2 Finished: 1
2018-08-17 13:00:06,745 INFO o.a.j.t.JMeterThread: Thread is done: Guest 2-1
2018-08-17 13:00:06,745 INFO o.a.j.t.JMeterThread: Thread finished: Guest 2-1
2018-08-17 13:00:06,745 INFO o.a.j.e.StandardJMeterEngine: Starting ThreadGroup: 3 : Coordinator2
2018-08-17 13:00:06,745 INFO o.a.j.e.StandardJMeterEngine: Starting 1 threads for group Coordinator2.
2018-08-17 13:00:06,745 INFO o.a.j.e.StandardJMeterEngine: Thread will continue on error
2018-08-17 13:00:06,745 INFO o.a.j.t.ThreadGroup: Starting thread group... number=3 threads=1 ramp-up=1 perThread=1000.0 delayedStart=false
2018-08-17 13:00:06,749 INFO o.a.j.t.ThreadGroup: Started thread group number 3
2018-08-17 13:00:06,749 INFO o.a.j.e.StandardJMeterEngine: All thread groups have been started
2018-08-17 13:00:06,749 INFO o.a.j.t.JMeterThread: Thread started: Coordinator2 3-1
2018-08-17 13:00:06,752 INFO o.a.j.s.FileServer: Stored: /Users/hoangngocsinh/Documents/TaVi/Test/Performance/Data/login.csv Alias: /Users/hoangngocsinh/Documents/TaVi/Test/Performance/Data/login.csv@669740861
2018-08-17 13:01:06,849 INFO o.a.j.t.JMeterThread: Thread is done: Coordinator2 3-1
2018-08-17 13:01:06,852 INFO o.a.j.t.JMeterThread: Thread finished: Coordinator2 3-1
2018-08-17 13:01:06,852 INFO o.a.j.e.StandardJMeterEngine: Notifying test listeners of end of test
2018-08-17 13:01:06,852 INFO o.a.j.s.FileServer: Close: /Users/hoangngocsinh/Documents/TaVi/Test/Performance/Data/login.csv@1435342973
2018-08-17 13:01:06,852 INFO o.a.j.s.FileServer: Close: /Users/hoangngocsinh/Documents/TaVi/Test/Performance/Data/login.csv@669740861
2018-08-17 13:01:06,853 INFO o.a.j.s.FileServer: Close: /Users/hoangngocsinh/Documents/TaVi/Test/Performance/Data/login.csv@227694238
2018-08-17 13:01:06,853 INFO o.a.j.r.Summariser: Generate Summary Results =      1 in 00:01:04 =    0.0/s Avg:   299 Min:   299 Max:   299 Err:     0 (0.00%)
2018-08-17 13:01:06,853 INFO o.a.j.g.u.JMeterMenuBar: setRunning(false, *local*)
2018-08-17 14:00:12,196 INFO o.a.j.e.StandardJMeterEngine: Running the test!
2018-08-17 14:00:12,223 INFO o.a.j.s.SampleEvent: List of sample_variables: []
2018-08-17 14:00:12,238 INFO o.a.j.g.u.JMeterMenuBar: setRunning(true, *local*)
2018-08-17 14:00:12,753 INFO o.a.j.e.StandardJMeterEngine: Starting ThreadGroup: 1 : Coordinator
2018-08-17 14:00:12,754 INFO o.a.j.e.StandardJMeterEngine: Starting 1 threads for group Coordinator.
2018-08-17 14:00:12,754 INFO o.a.j.e.StandardJMeterEngine: Thread will continue on error
2018-08-17 14:00:12,755 INFO o.a.j.t.ThreadGroup: Starting thread group... number=1 threads=1 ramp-up=1 perThread=1000.0 delayedStart=false
2018-08-17 14:00:12,770 INFO o.a.j.t.ThreadGroup: Started thread group number 1
2018-08-17 14:00:12,770 INFO o.a.j.e.StandardJMeterEngine: Waiting for thread group: Coordinator to finish before starting next group
2018-08-17 14:00:12,771 INFO o.a.j.t.JMeterThread: Thread started: Coordinator 1-1
2018-08-17 14:00:12,771 INFO o.a.j.s.FileServer: Stored: /Users/hoangngocsinh/Documents/TaVi/Test/Performance/Data/login.csv Alias: /Users/hoangngocsinh/Documents/TaVi/Test/Performance/Data/login.csv@1319435403
2018-08-17 14:00:13,072 INFO o.a.j.t.JMeterThread: Thread is done: Coordinator 1-1
2018-08-17 14:00:13,072 INFO o.a.j.t.JMeterThread: Thread finished: Coordinator 1-1
2018-08-17 14:00:13,076 INFO o.a.j.e.StandardJMeterEngine: Starting ThreadGroup: 2 : Guest
2018-08-17 14:00:13,076 INFO o.a.j.e.StandardJMeterEngine: Starting 1 threads for group Guest.
2018-08-17 14:00:13,076 INFO o.a.j.e.StandardJMeterEngine: Thread will continue on error
2018-08-17 14:00:13,076 INFO o.a.j.t.ThreadGroup: Starting thread group... number=2 threads=1 ramp-up=1 perThread=1000.0 delayedStart=false
2018-08-17 14:00:13,087 INFO o.a.j.t.ThreadGroup: Started thread group number 2
2018-08-17 14:00:13,087 INFO o.a.j.e.StandardJMeterEngine: Waiting for thread group: Guest to finish before starting next group
2018-08-17 14:00:13,088 INFO o.a.j.t.JMeterThread: Thread started: Guest 2-1
2018-08-17 14:00:13,090 INFO o.a.j.s.FileServer: Stored: /Users/hoangngocsinh/Documents/TaVi/Test/Performance/Data/login.csv Alias: /Users/hoangngocsinh/Documents/TaVi/Test/Performance/Data/login.csv@1934363455
2018-08-17 14:00:15,188 INFO o.a.j.t.JMeterThread: Thread is done: Guest 2-1
2018-08-17 14:00:15,188 INFO o.a.j.t.JMeterThread: Thread finished: Guest 2-1
2018-08-17 14:00:15,189 INFO o.a.j.e.StandardJMeterEngine: Starting ThreadGroup: 3 : Coordinator2
2018-08-17 14:00:15,189 INFO o.a.j.e.StandardJMeterEngine: Starting 1 threads for group Coordinator2.
2018-08-17 14:00:15,189 INFO o.a.j.e.StandardJMeterEngine: Thread will continue on error
2018-08-17 14:00:15,189 INFO o.a.j.t.ThreadGroup: Starting thread group... number=3 threads=1 ramp-up=1 perThread=1000.0 delayedStart=false
2018-08-17 14:00:15,190 INFO o.a.j.t.ThreadGroup: Started thread group number 3
2018-08-17 14:00:15,190 INFO o.a.j.e.StandardJMeterEngine: All thread groups have been started
2018-08-17 14:00:15,190 INFO o.a.j.t.JMeterThread: Thread started: Coordinator2 3-1
2018-08-17 14:00:15,193 INFO o.a.j.s.FileServer: Stored: /Users/hoangngocsinh/Documents/TaVi/Test/Performance/Data/login.csv Alias: /Users/hoangngocsinh/Documents/TaVi/Test/Performance/Data/login.csv@151042953
2018-08-17 14:01:14,751 INFO o.a.j.t.JMeterThread: Thread is done: Coordinator2 3-1
2018-08-17 14:01:14,752 INFO o.a.j.t.JMeterThread: Thread finished: Coordinator2 3-1
2018-08-17 14:01:14,753 INFO o.a.j.e.StandardJMeterEngine: Notifying test listeners of end of test
2018-08-17 14:01:14,753 INFO o.a.j.s.FileServer: Close: /Users/hoangngocsinh/Documents/TaVi/Test/Performance/Data/login.csv@151042953
2018-08-17 14:01:14,759 INFO o.a.j.s.FileServer: Close: /Users/hoangngocsinh/Documents/TaVi/Test/Performance/Data/login.csv@1319435403
2018-08-17 14:01:14,760 INFO o.a.j.s.FileServer: Close: /Users/hoangngocsinh/Documents/TaVi/Test/Performance/Data/login.csv@1934363455
2018-08-17 14:01:14,761 INFO o.a.j.r.Summariser: Generate Summary Results =      1 in 00:01:03 =    0.0/s Avg:   180 Min:   180 Max:   180 Err:     0 (0.00%)
2018-08-17 14:01:14,761 INFO o.a.j.g.u.JMeterMenuBar: setRunning(false, *local*)
